1.7860 	WARNING 	We strongly recommend you activate the PTB sound engine in PsychoPy prefs as the preferred audio engine. Its timing is vastly superior. Your prefs are currently set to use ['sounddevice', 'PTB', 'pyo', 'pygame'] (in that order).
8.7732 	WARNING 	User requested fullscreen with size [1024  768], but screen is actually [1920, 1080]. Using actual size
11.1037 	EXP 	Created window1 = Window(allowGUI=False, allowStencil=False, args=UNKNOWN, autoLog=True, bitsMode=UNKNOWN, blendMode='avg', bpc=(8, 8, 8), color=array([0., 0., 0.]), colorSpace='rgb', depthBits=8, fullscr=<method-wrapper '__getattribute__' of attributeSetter object at 0x0000015C72666588>, gamma=None, gammaErrorPolicy='raise', kwargs=UNKNOWN, lms=UNKNOWN, monitor=<psychopy.monitors.calibTools.Monitor object at 0x0000015C743B4128>, multiSample=False, name='window1', numSamples=2, pos=[0.0, 0.0], screen=0, size=array([1920, 1080]), stencilBits=0, stereo=False, units='height', useFBO=True, useRetina=False, viewOri=0.0, viewPos=None, viewScale=None, waitBlanking=True, winType='pyglet')
11.1038 	EXP 	window1: recordFrameIntervals = False
11.2616 	EXP 	window1: recordFrameIntervals = True
11.4450 	EXP 	window1: recordFrameIntervals = False
11.7721 	EXP 	Created intro_text = TextStim(__class__=<class 'psychopy.visual.text.TextStim'>, alignHoriz=method-wrapper(...), alignText='center', alignVert=method-wrapper(...), anchorHoriz='center', anchorVert='center', antialias=True, autoLog=True, bold=False, color='white', colorSpace='named', contrast=1.0, depth=0.0, flipHoriz=False, flipVert=False, font='Arial', fontFiles=[], height=0.03, italic=False, languageStyle='LTR', name='intro_text', opacity=1.0, ori=0, pos=array([0., 0.]), rgb=array([255., 255., 255.]), text=str(...), units='height', win=Window(...), wrapWidth=1)
11.7768 	EXP 	Created space_instr_intro = TextStim(__class__=<class 'psychopy.visual.text.TextStim'>, alignHoriz=method-wrapper(...), alignText='center', alignVert=method-wrapper(...), anchorHoriz='center', anchorVert='center', antialias=True, autoLog=True, bold=False, color='white', colorSpace='named', contrast=1.0, depth=-1.0, flipHoriz=False, flipVert=False, font='Arial', fontFiles=[], height=0.03, italic=False, languageStyle='LTR', name='space_instr_intro', opacity=1.0, ori=0, pos=array([ 0. , -0.4]), rgb=array([255., 255., 255.]), text='Aby wziąć udział w badaniu, naciśnij spację.', units='height', win=Window(...), wrapWidth=1)
11.8015 	EXP 	Imported relationship_quest.xlsx as conditions, 8 conditions, 9 params
11.8020 	EXP 	Question text: Czy ma Pani/Pan ukończone 18 lat?
11.8236 	EXP 	Response type: radio
11.8236 	EXP 	Response layout: horiz
11.8236 	EXP 	Response options: ['Tak', ' Nie']
11.8286 	EXP 	Created unnamed TextStim = TextStim(__class__=<class 'psychopy.visual.text.TextStim'>, alignHoriz=method-wrapper(...), alignText='center', alignVert=method-wrapper(...), anchorHoriz='center', anchorVert='center', antialias=True, autoLog=True, bold=False, color=array([1., 1., 1.]), colorSpace='rgb', contrast=1.0, depth=0, flipHoriz=False, flipVert=False, font='', fontFiles=[], height=0.02, italic=False, languageStyle='LTR', name='unnamed TextStim', opacity=1.0, ori=0.0, pos=array([0., 0.]), rgb=array([1., 1., 1.]), text=' Nie', units='height', win=Window(...), wrapWidth=0.2)
11.8628 	EXP 	Question text: Czy jest Pani/Pan aktualnie w związku?
11.8725 	EXP 	Response type: radio
11.8725 	EXP 	Response layout: horiz
11.8725 	EXP 	Response options: ['Tak', ' Nie']
11.8746 	EXP 	Created unnamed TextStim = TextStim(__class__=<class 'psychopy.visual.text.TextStim'>, alignHoriz=method-wrapper(...), alignText='center', alignVert=method-wrapper(...), anchorHoriz='center', anchorVert='center', antialias=True, autoLog=True, bold=False, color=array([1., 1., 1.]), colorSpace='rgb', contrast=1.0, depth=0, flipHoriz=False, flipVert=False, font='', fontFiles=[], height=0.02, italic=False, languageStyle='LTR', name='unnamed TextStim', opacity=1.0, ori=0.0, pos=array([0., 0.]), rgb=array([1., 1., 1.]), text=' Nie', units='height', win=Window(...), wrapWidth=0.2)
11.8840 	EXP 	Question text: Czy jest Pani/Pan w związku małżeńskim?
11.8905 	EXP 	Response type: radio
11.8905 	EXP 	Response layout: horiz
11.8906 	EXP 	Response options: ['Tak', ' Nie']
11.8933 	EXP 	Created unnamed TextStim = TextStim(__class__=<class 'psychopy.visual.text.TextStim'>, alignHoriz=method-wrapper(...), alignText='center', alignVert=method-wrapper(...), anchorHoriz='center', anchorVert='center', antialias=True, autoLog=True, bold=False, color=array([1., 1., 1.]), colorSpace='rgb', contrast=1.0, depth=0, flipHoriz=False, flipVert=False, font='', fontFiles=[], height=0.02, italic=False, languageStyle='LTR', name='unnamed TextStim', opacity=1.0, ori=0.0, pos=array([0., 0.]), rgb=array([1., 1., 1.]), text=' Nie', units='height', win=Window(...), wrapWidth=0.2)
11.9029 	EXP 	Question text: Kto jest dla Pani/Pana najbliższą osobą?
11.9101 	EXP 	Response type: radio
11.9101 	EXP 	Response layout: vert
11.9101 	EXP 	Response options: ['członek rodziny', ' partnerka/partner', ' przyjaciółka/przyjaciel', ' inna osoba', ' nie mam bliskiej osoby']
11.9182 	EXP 	Created unnamed TextStim = TextStim(__class__=<class 'psychopy.visual.text.TextStim'>, alignHoriz=method-wrapper(...), alignText='center', alignVert=method-wrapper(...), anchorHoriz='center', anchorVert='center', antialias=True, autoLog=True, bold=False, color=array([1., 1., 1.]), colorSpace='rgb', contrast=1.0, depth=0, flipHoriz=False, flipVert=False, font='', fontFiles=[], height=0.02, italic=False, languageStyle='LTR', name='unnamed TextStim', opacity=1.0, ori=0.0, pos=array([0., 0.]), rgb=array([1., 1., 1.]), text=' przyjaciółka/przyjaciel', units='height', win=Window(...), wrapWidth=0.08)
11.9417 	EXP 	Question text: Czy ma Pani/Pan tematy tabu ze swoją najbliższą osobą?
11.9469 	EXP 	Response type: radio
11.9469 	EXP 	Response layout: horiz
11.9469 	EXP 	Response options: ['Tak', ' Nie']
11.9512 	EXP 	Created unnamed TextStim = TextStim(__class__=<class 'psychopy.visual.text.TextStim'>, alignHoriz=method-wrapper(...), alignText='center', alignVert=method-wrapper(...), anchorHoriz='center', anchorVert='center', antialias=True, autoLog=True, bold=False, color=array([1., 1., 1.]), colorSpace='rgb', contrast=1.0, depth=0, flipHoriz=False, flipVert=False, font='', fontFiles=[], height=0.02, italic=False, languageStyle='LTR', name='unnamed TextStim', opacity=1.0, ori=0.0, pos=array([0., 0.]), rgb=array([1., 1., 1.]), text=' Nie', units='height', win=Window(...), wrapWidth=0.2)
11.9616 	EXP 	Question text: W skali od 1 do 7 (1 - zupełnie niesatysfakcjonująca; 7 - zupełnie satysfakcjonująca), prosimy powiedzieć, jak bardzo satysfakcjonująca jest Pani/Pana relacja z najbliższą osobą
11.9803 	EXP 	Response type: rating
11.9803 	EXP 	Response layout: horiz
11.9803 	EXP 	Response options: ['1', ' 2', ' 3', ' 4', ' 5', ' 6', ' 7']
11.9841 	EXP 	Created unnamed TextStim = TextStim(__class__=<class 'psychopy.visual.text.TextStim'>, alignHoriz=method-wrapper(...), alignText='center', alignVert=method-wrapper(...), anchorHoriz='center', anchorVert='center', antialias=True, autoLog=True, bold=False, color=array([1., 1., 1.]), colorSpace='rgb', contrast=1.0, depth=0, flipHoriz=False, flipVert=False, font='', fontFiles=[], height=0.02, italic=False, languageStyle='LTR', name='unnamed TextStim', opacity=1.0, ori=0.0, pos=array([0., 0.]), rgb=array([1., 1., 1.]), text=' 2', units='height', win=Window(...), wrapWidth=0.05714285714285715)
12.0119 	EXP 	Question text: Jak często uprawia Pani/Pan seks?
12.0173 	EXP 	Response type: radio
12.0173 	EXP 	Response layout: vert
12.0173 	EXP 	Response options: ['codziennie', ' kilka razy w tygodniu', ' raz na tydzień', ' rzadziej niż raz na tydzień', ' rzadziej niż raz na miesiąc', ' nigdy nie uprawiałam/em seksu']
12.0227 	EXP 	Created unnamed TextStim = TextStim(__class__=<class 'psychopy.visual.text.TextStim'>, alignHoriz=method-wrapper(...), alignText='center', alignVert=method-wrapper(...), anchorHoriz='center', anchorVert='center', antialias=True, autoLog=True, bold=False, color=array([1., 1., 1.]), colorSpace='rgb', contrast=1.0, depth=0, flipHoriz=False, flipVert=False, font='', fontFiles=[], height=0.02, italic=False, languageStyle='LTR', name='unnamed TextStim', opacity=1.0, ori=0.0, pos=array([0., 0.]), rgb=array([1., 1., 1.]), text=' nigdy nie uprawiałam/em seksu', units='height', win=Window(...), wrapWidth=0.06666666666666667)
12.0487 	EXP 	Question text: W skali od 1 do 7 (1 - zupełnie nieswobodnie; 7 - bardzo swobodnie) prosimy o udzielenie odpowiedzi, jak bardzo swobodnie czuje się Pani/Pan przy najbliższej dla siebie osobie
12.0566 	EXP 	Response type: rating
12.0566 	EXP 	Response layout: horiz
12.0566 	EXP 	Response options: ['1', ' 2', ' 3', ' 4', ' 5', ' 6', ' 7']
12.0586 	EXP 	Created unnamed TextStim = TextStim(__class__=<class 'psychopy.visual.text.TextStim'>, alignHoriz=method-wrapper(...), alignText='center', alignVert=method-wrapper(...), anchorHoriz='center', anchorVert='center', antialias=True, autoLog=True, bold=False, color=array([1., 1., 1.]), colorSpace='rgb', contrast=1.0, depth=0, flipHoriz=False, flipVert=False, font='', fontFiles=[], height=0.02, italic=False, languageStyle='LTR', name='unnamed TextStim', opacity=1.0, ori=0.0, pos=array([0., 0.]), rgb=array([1., 1., 1.]), text=' 2', units='height', win=Window(...), wrapWidth=0.05714285714285715)
12.1494 	EXP 	Created relationship_form = <psychopy.visual.form.Form object at 0x0000015C78BB9278>
12.1643 	EXP 	Created space_instr_4 = TextStim(__class__=<class 'psychopy.visual.text.TextStim'>, alignHoriz=method-wrapper(...), alignText='center', alignVert=method-wrapper(...), anchorHoriz='center', anchorVert='center', antialias=True, autoLog=True, bold=False, color='white', colorSpace='named', contrast=1.0, depth=-1.0, flipHoriz=False, flipVert=False, font='Arial', fontFiles=[], height=0.03, italic=False, languageStyle='LTR', name='space_instr_4', opacity=1.0, ori=0, pos=array([ 0. , -0.4]), rgb=array([255., 255., 255.]), text=str(...), units='height', win=Window(...), wrapWidth=1)
12.1841 	EXP 	Created relationship_instr = TextStim(__class__=<class 'psychopy.visual.text.TextStim'>, alignHoriz=method-wrapper(...), alignText='center', alignVert=method-wrapper(...), anchorHoriz='center', anchorVert='center', antialias=True, autoLog=True, bold=False, color='white', colorSpace='named', contrast=1.0, depth=-3.0, flipHoriz=False, flipVert=False, font='Arial', fontFiles=[], height=0.026, italic=False, languageStyle='LTR', name='relationship_instr', opacity=1.0, ori=0, pos=array([0.  , 0.43]), rgb=array([255., 255., 255.]), text=str(...), units='height', win=Window(...), wrapWidth=1)
12.2339 	EXP 	Created instr_fakeiq = TextStim(__class__=<class 'psychopy.visual.text.TextStim'>, alignHoriz=method-wrapper(...), alignText='center', alignVert=method-wrapper(...), anchorHoriz='center', anchorVert='center', antialias=True, autoLog=True, bold=False, color='white', colorSpace='named', contrast=1.0, depth=0.0, flipHoriz=False, flipVert=False, font='Arial', fontFiles=[], height=0.05, italic=False, languageStyle='LTR', name='instr_fakeiq', opacity=1.0, ori=0, pos=array([0., 0.]), rgb=array([255., 255., 255.]), text=str(...), units='height', win=Window(...), wrapWidth=1)
12.2376 	EXP 	Created image_raven = ImageStim(__class__=<class 'psychopy.visual.image.ImageStim'>, autoLog=True, color=array([1., 1., 1.]), colorSpace='rgb', contrast=1.0, depth=0.0, flipHoriz=False, flipVert=False, image='sin', interpolate=True, mask=None, maskParams=None, name='image_raven', opacity=1.0, ori=0.0, pos=array([0., 0.]), size=array([1., 1.]), texRes=128, units='height', win=Window(...))
12.2538 	EXP 	Created instr_premfq = TextStim(__class__=<class 'psychopy.visual.text.TextStim'>, alignHoriz=method-wrapper(...), alignText='center', alignVert=method-wrapper(...), anchorHoriz='center', anchorVert='center', antialias=True, autoLog=True, bold=False, color='white', colorSpace='named', contrast=1.0, depth=0.0, flipHoriz=False, flipVert=False, font='Arial', fontFiles=[], height=0.05, italic=False, languageStyle='LTR', name='instr_premfq', opacity=1.0, ori=0, pos=array([0., 0.]), rgb=array([255., 255., 255.]), text=str(...), units='height', win=Window(...), wrapWidth=1)
12.2626 	EXP 	Imported mfq1.xlsx as conditions, 15 conditions, 9 params
12.2630 	EXP 	Question text: 1) czy ktoś ucierpiał emocjonalnie;
12.2738 	EXP 	Response type: rating
12.2738 	EXP 	Response layout: horiz
12.2738 	EXP 	Response options: ['1', ' 2', ' 3', ' 4', ' 5', ' 6']
12.2772 	EXP 	Created unnamed TextStim = TextStim(__class__=<class 'psychopy.visual.text.TextStim'>, alignHoriz=method-wrapper(...), alignText='center', alignVert=method-wrapper(...), anchorHoriz='center', anchorVert='center', antialias=True, autoLog=True, bold=False, color=array([1., 1., 1.]), colorSpace='rgb', contrast=1.0, depth=0, flipHoriz=False, flipVert=False, font='', fontFiles=[], height=0.02, italic=False, languageStyle='LTR', name='unnamed TextStim', opacity=1.0, ori=0.0, pos=array([0., 0.]), rgb=array([1., 1., 1.]), text=' 2', units='height', win=Window(...), wrapWidth=0.06666666666666667)
12.2948 	EXP 	Question text: 2) czy ktoś był traktowany inaczej niż inni;
12.2989 	EXP 	Response type: rating
12.2989 	EXP 	Response layout: horiz
12.2989 	EXP 	Response options: ['1', ' 2', ' 3', ' 4', ' 5', ' 6']
12.3008 	EXP 	Created unnamed TextStim = TextStim(__class__=<class 'psychopy.visual.text.TextStim'>, alignHoriz=method-wrapper(...), alignText='center', alignVert=method-wrapper(...), anchorHoriz='center', anchorVert='center', antialias=True, autoLog=True, bold=False, color=array([1., 1., 1.]), colorSpace='rgb', contrast=1.0, depth=0, flipHoriz=False, flipVert=False, font='', fontFiles=[], height=0.02, italic=False, languageStyle='LTR', name='unnamed TextStim', opacity=1.0, ori=0.0, pos=array([0., 0.]), rgb=array([1., 1., 1.]), text=' 2', units='height', win=Window(...), wrapWidth=0.06666666666666667)
12.3144 	EXP 	Question text: 3) czy czyjeś działania były przejawem miłości dla ojczyzny;
12.3192 	EXP 	Response type: rating
12.3192 	EXP 	Response layout: horiz
12.3192 	EXP 	Response options: ['1', ' 2', ' 3', ' 4', ' 5', ' 6']
12.3213 	EXP 	Created unnamed TextStim = TextStim(__class__=<class 'psychopy.visual.text.TextStim'>, alignHoriz=method-wrapper(...), alignText='center', alignVert=method-wrapper(...), anchorHoriz='center', anchorVert='center', antialias=True, autoLog=True, bold=False, color=array([1., 1., 1.]), colorSpace='rgb', contrast=1.0, depth=0, flipHoriz=False, flipVert=False, font='', fontFiles=[], height=0.02, italic=False, languageStyle='LTR', name='unnamed TextStim', opacity=1.0, ori=0.0, pos=array([0., 0.]), rgb=array([1., 1., 1.]), text=' 2', units='height', win=Window(...), wrapWidth=0.06666666666666667)
12.3357 	EXP 	Question text: 4) czy ktoś okazał brak szacunku dla władzy;
12.3393 	EXP 	Response type: rating
12.3393 	EXP 	Response layout: horiz
12.3393 	EXP 	Response options: ['1', ' 2', ' 3', ' 4', ' 5', ' 6']
12.3413 	EXP 	Created unnamed TextStim = TextStim(__class__=<class 'psychopy.visual.text.TextStim'>, alignHoriz=method-wrapper(...), alignText='center', alignVert=method-wrapper(...), anchorHoriz='center', anchorVert='center', antialias=True, autoLog=True, bold=False, color=array([1., 1., 1.]), colorSpace='rgb', contrast=1.0, depth=0, flipHoriz=False, flipVert=False, font='', fontFiles=[], height=0.02, italic=False, languageStyle='LTR', name='unnamed TextStim', opacity=1.0, ori=0.0, pos=array([0., 0.]), rgb=array([1., 1., 1.]), text=' 2', units='height', win=Window(...), wrapWidth=0.06666666666666667)
12.3551 	EXP 	Question text: 5) czy ktoś pogwałcił zasady czystości i przyzwoitości;
12.3598 	EXP 	Response type: rating
12.3598 	EXP 	Response layout: horiz
12.3598 	EXP 	Response options: ['1', ' 2', ' 3', ' 4', ' 5', ' 6']
12.3632 	EXP 	Created unnamed TextStim = TextStim(__class__=<class 'psychopy.visual.text.TextStim'>, alignHoriz=method-wrapper(...), alignText='center', alignVert=method-wrapper(...), anchorHoriz='center', anchorVert='center', antialias=True, autoLog=True, bold=False, color=array([1., 1., 1.]), colorSpace='rgb', contrast=1.0, depth=0, flipHoriz=False, flipVert=False, font='', fontFiles=[], height=0.02, italic=False, languageStyle='LTR', name='unnamed TextStim', opacity=1.0, ori=0.0, pos=array([0., 0.]), rgb=array([1., 1., 1.]), text=' 2', units='height', win=Window(...), wrapWidth=0.06666666666666667)
12.3778 	EXP 	Question text: 6) czy ktoś troszczył się o kogoś słabego lub bezbronnego;
12.3826 	EXP 	Response type: rating
12.3827 	EXP 	Response layout: horiz
12.3827 	EXP 	Response options: ['1', ' 2', ' 3', ' 4', ' 5', ' 6']
12.3847 	EXP 	Created unnamed TextStim = TextStim(__class__=<class 'psychopy.visual.text.TextStim'>, alignHoriz=method-wrapper(...), alignText='center', alignVert=method-wrapper(...), anchorHoriz='center', anchorVert='center', antialias=True, autoLog=True, bold=False, color=array([1., 1., 1.]), colorSpace='rgb', contrast=1.0, depth=0, flipHoriz=False, flipVert=False, font='', fontFiles=[], height=0.02, italic=False, languageStyle='LTR', name='unnamed TextStim', opacity=1.0, ori=0.0, pos=array([0., 0.]), rgb=array([1., 1., 1.]), text=' 2', units='height', win=Window(...), wrapWidth=0.06666666666666667)
12.3979 	EXP 	Question text: 7) czy ktoś zachował się nieuczciwie;
12.4025 	EXP 	Response type: rating
12.4025 	EXP 	Response layout: horiz
12.4025 	EXP 	Response options: ['1', ' 2', ' 3', ' 4', ' 5', ' 6']
12.4045 	EXP 	Created unnamed TextStim = TextStim(__class__=<class 'psychopy.visual.text.TextStim'>, alignHoriz=method-wrapper(...), alignText='center', alignVert=method-wrapper(...), anchorHoriz='center', anchorVert='center', antialias=True, autoLog=True, bold=False, color=array([1., 1., 1.]), colorSpace='rgb', contrast=1.0, depth=0, flipHoriz=False, flipVert=False, font='', fontFiles=[], height=0.02, italic=False, languageStyle='LTR', name='unnamed TextStim', opacity=1.0, ori=0.0, pos=array([0., 0.]), rgb=array([1., 1., 1.]), text=' 2', units='height', win=Window(...), wrapWidth=0.06666666666666667)
12.4178 	EXP 	Question text: 8) czy ktoś zrobił coś, aby zdradzić własną grupę;
12.4247 	EXP 	Response type: rating
12.4247 	EXP 	Response layout: horiz
12.4247 	EXP 	Response options: ['1', ' 2', ' 3', ' 4', ' 5', ' 6']
12.4274 	EXP 	Created unnamed TextStim = TextStim(__class__=<class 'psychopy.visual.text.TextStim'>, alignHoriz=method-wrapper(...), alignText='center', alignVert=method-wrapper(...), anchorHoriz='center', anchorVert='center', antialias=True, autoLog=True, bold=False, color=array([1., 1., 1.]), colorSpace='rgb', contrast=1.0, depth=0, flipHoriz=False, flipVert=False, font='', fontFiles=[], height=0.02, italic=False, languageStyle='LTR', name='unnamed TextStim', opacity=1.0, ori=0.0, pos=array([0., 0.]), rgb=array([1., 1., 1.]), text=' 2', units='height', win=Window(...), wrapWidth=0.06666666666666667)
12.4408 	EXP 	Question text: 9) czy ktoś postępował zgodnie z tradycją;
12.4469 	EXP 	Response type: rating
12.4470 	EXP 	Response layout: horiz
12.4470 	EXP 	Response options: ['1', ' 2', ' 3', ' 4', ' 5', ' 6']
12.4489 	EXP 	Created unnamed TextStim = TextStim(__class__=<class 'psychopy.visual.text.TextStim'>, alignHoriz=method-wrapper(...), alignText='center', alignVert=method-wrapper(...), anchorHoriz='center', anchorVert='center', antialias=True, autoLog=True, bold=False, color=array([1., 1., 1.]), colorSpace='rgb', contrast=1.0, depth=0, flipHoriz=False, flipVert=False, font='', fontFiles=[], height=0.02, italic=False, languageStyle='LTR', name='unnamed TextStim', opacity=1.0, ori=0.0, pos=array([0., 0.]), rgb=array([1., 1., 1.]), text=' 2', units='height', win=Window(...), wrapWidth=0.06666666666666667)
12.4624 	EXP 	Question text: 10) czy ktoś zrobił coś obrzydliwego;
12.4677 	EXP 	Response type: rating
12.4677 	EXP 	Response layout: horiz
12.4677 	EXP 	Response options: ['1', ' 2', ' 3', ' 4', ' 5', ' 6']
12.4698 	EXP 	Created unnamed TextStim = TextStim(__class__=<class 'psychopy.visual.text.TextStim'>, alignHoriz=method-wrapper(...), alignText='center', alignVert=method-wrapper(...), anchorHoriz='center', anchorVert='center', antialias=True, autoLog=True, bold=False, color=array([1., 1., 1.]), colorSpace='rgb', contrast=1.0, depth=0, flipHoriz=False, flipVert=False, font='', fontFiles=[], height=0.02, italic=False, languageStyle='LTR', name='unnamed TextStim', opacity=1.0, ori=0.0, pos=array([0., 0.]), rgb=array([1., 1., 1.]), text=' 2', units='height', win=Window(...), wrapWidth=0.06666666666666667)
12.4835 	EXP 	Question text: 11) czy ktoś zachował się okrutnie;
12.4869 	EXP 	Response type: rating
12.4869 	EXP 	Response layout: horiz
12.4870 	EXP 	Response options: ['1', ' 2', ' 3', ' 4', ' 5', ' 6']
12.4889 	EXP 	Created unnamed TextStim = TextStim(__class__=<class 'psychopy.visual.text.TextStim'>, alignHoriz=method-wrapper(...), alignText='center', alignVert=method-wrapper(...), anchorHoriz='center', anchorVert='center', antialias=True, autoLog=True, bold=False, color=array([1., 1., 1.]), colorSpace='rgb', contrast=1.0, depth=0, flipHoriz=False, flipVert=False, font='', fontFiles=[], height=0.02, italic=False, languageStyle='LTR', name='unnamed TextStim', opacity=1.0, ori=0.0, pos=array([0., 0.]), rgb=array([1., 1., 1.]), text=' 2', units='height', win=Window(...), wrapWidth=0.06666666666666667)
12.5054 	EXP 	Question text: 12) czy komuś odmówiono jego/jej praw;
12.5098 	EXP 	Response type: rating
12.5098 	EXP 	Response layout: horiz
12.5098 	EXP 	Response options: ['1', ' 2', ' 3', ' 4', ' 5', ' 6']
12.5120 	EXP 	Created unnamed TextStim = TextStim(__class__=<class 'psychopy.visual.text.TextStim'>, alignHoriz=method-wrapper(...), alignText='center', alignVert=method-wrapper(...), anchorHoriz='center', anchorVert='center', antialias=True, autoLog=True, bold=False, color=array([1., 1., 1.]), colorSpace='rgb', contrast=1.0, depth=0, flipHoriz=False, flipVert=False, font='', fontFiles=[], height=0.02, italic=False, languageStyle='LTR', name='unnamed TextStim', opacity=1.0, ori=0.0, pos=array([0., 0.]), rgb=array([1., 1., 1.]), text=' 2', units='height', win=Window(...), wrapWidth=0.06666666666666667)
12.5269 	EXP 	Question text: 13) czy ktoś okazał brak lojalności wobec swojej grupy;
12.5304 	EXP 	Response type: rating
12.5304 	EXP 	Response layout: horiz
12.5304 	EXP 	Response options: ['1', ' 2', ' 3', ' 4', ' 5', ' 6']
12.5323 	EXP 	Created unnamed TextStim = TextStim(__class__=<class 'psychopy.visual.text.TextStim'>, alignHoriz=method-wrapper(...), alignText='center', alignVert=method-wrapper(...), anchorHoriz='center', anchorVert='center', antialias=True, autoLog=True, bold=False, color=array([1., 1., 1.]), colorSpace='rgb', contrast=1.0, depth=0, flipHoriz=False, flipVert=False, font='', fontFiles=[], height=0.02, italic=False, languageStyle='LTR', name='unnamed TextStim', opacity=1.0, ori=0.0, pos=array([0., 0.]), rgb=array([1., 1., 1.]), text=' 2', units='height', win=Window(...), wrapWidth=0.06666666666666667)
12.5475 	EXP 	Question text: 14) czy czyjeś działania burzą ustalony porządek życia społecznego;
12.5517 	EXP 	Response type: rating
12.5517 	EXP 	Response layout: horiz
12.5518 	EXP 	Response options: ['1', ' 2', ' 3', ' 4', ' 5', ' 6']
12.5537 	EXP 	Created unnamed TextStim = TextStim(__class__=<class 'psychopy.visual.text.TextStim'>, alignHoriz=method-wrapper(...), alignText='center', alignVert=method-wrapper(...), anchorHoriz='center', anchorVert='center', antialias=True, autoLog=True, bold=False, color=array([1., 1., 1.]), colorSpace='rgb', contrast=1.0, depth=0, flipHoriz=False, flipVert=False, font='', fontFiles=[], height=0.02, italic=False, languageStyle='LTR', name='unnamed TextStim', opacity=1.0, ori=0.0, pos=array([0., 0.]), rgb=array([1., 1., 1.]), text=' 2', units='height', win=Window(...), wrapWidth=0.06666666666666667)
12.5689 	EXP 	Question text: 15) czy ktoś postępował tak, aby nie obrazić Boga;
12.5738 	EXP 	Response type: rating
12.5738 	EXP 	Response layout: horiz
12.5738 	EXP 	Response options: ['1', ' 2', ' 3', ' 4', ' 5', ' 6']
12.5765 	EXP 	Created unnamed TextStim = TextStim(__class__=<class 'psychopy.visual.text.TextStim'>, alignHoriz=method-wrapper(...), alignText='center', alignVert=method-wrapper(...), anchorHoriz='center', anchorVert='center', antialias=True, autoLog=True, bold=False, color=array([1., 1., 1.]), colorSpace='rgb', contrast=1.0, depth=0, flipHoriz=False, flipVert=False, font='', fontFiles=[], height=0.02, italic=False, languageStyle='LTR', name='unnamed TextStim', opacity=1.0, ori=0.0, pos=array([0., 0.]), rgb=array([1., 1., 1.]), text=' 2', units='height', win=Window(...), wrapWidth=0.06666666666666667)
12.5987 	EXP 	Created MFQ_part1 = <psychopy.visual.form.Form object at 0x0000015C79F6C160>
12.6087 	EXP 	Created space_instr = TextStim(__class__=<class 'psychopy.visual.text.TextStim'>, alignHoriz=method-wrapper(...), alignText='center', alignVert=method-wrapper(...), anchorHoriz='center', anchorVert='center', antialias=True, autoLog=True, bold=False, color='white', colorSpace='named', contrast=1.0, depth=-2.0, flipHoriz=False, flipVert=False, font='Arial', fontFiles=[], height=0.03, italic=False, languageStyle='LTR', name='space_instr', opacity=1.0, ori=0, pos=array([ 0. , -0.4]), rgb=array([255., 255., 255.]), text=str(...), units='height', win=Window(...), wrapWidth=1)
12.6579 	EXP 	Created mfq1_instr = TextStim(__class__=<class 'psychopy.visual.text.TextStim'>, alignHoriz=method-wrapper(...), alignText='center', alignVert=method-wrapper(...), anchorHoriz='center', anchorVert='center', antialias=True, autoLog=True, bold=False, color='white', colorSpace='named', contrast=1.0, depth=-3.0, flipHoriz=False, flipVert=False, font='Arial', fontFiles=[], height=0.023, italic=False, languageStyle='LTR', name='mfq1_instr', opacity=1.0, ori=0, pos=array([0.  , 0.43]), rgb=array([255., 255., 255.]), text=str(...), units='height', win=Window(...), wrapWidth=1)
12.6873 	EXP 	Created scale_instr_mfq1 = TextStim(__class__=<class 'psychopy.visual.text.TextStim'>, alignHoriz=method-wrapper(...), alignText='center', alignVert=method-wrapper(...), anchorHoriz='center', anchorVert='center', antialias=True, autoLog=True, bold=False, color='white', colorSpace='named', contrast=1.0, depth=-4.0, flipHoriz=False, flipVert=False, font='Arial', fontFiles=[], height=0.025, italic=False, languageStyle='LTR', name='scale_instr_mfq1', opacity=1.0, ori=0, pos=array([-0.7 ,  0.26]), rgb=array([255., 255., 255.]), text=str(...), units='height', win=Window(...), wrapWidth=1)
12.7016 	EXP 	Imported mfq2.xlsx as conditions, 15 conditions, 9 params
12.7021 	EXP 	Question text: 16) Współczucie dla cierpiących jest najważniejszą cnotą człowieka.
12.7146 	EXP 	Response type: rating
12.7146 	EXP 	Response layout: horiz
12.7146 	EXP 	Response options: ['1', ' 2', ' 3', ' 4', ' 5', ' 6']
12.7190 	EXP 	Created unnamed TextStim = TextStim(__class__=<class 'psychopy.visual.text.TextStim'>, alignHoriz=method-wrapper(...), alignText='center', alignVert=method-wrapper(...), anchorHoriz='center', anchorVert='center', antialias=True, autoLog=True, bold=False, color=array([1., 1., 1.]), colorSpace='rgb', contrast=1.0, depth=0, flipHoriz=False, flipVert=False, font='', fontFiles=[], height=0.02, italic=False, languageStyle='LTR', name='unnamed TextStim', opacity=1.0, ori=0.0, pos=array([0., 0.]), rgb=array([1., 1., 1.]), text=' 2', units='height', win=Window(...), wrapWidth=0.06666666666666667)
12.7368 	EXP 	Question text: 17) Jeśli ustanawia się nowe prawo, to najważniejsze jest, aby wszyscy byli traktowani sprawiedliwie.
12.7480 	EXP 	Response type: rating
12.7481 	EXP 	Response layout: horiz
12.7481 	EXP 	Response options: ['1', ' 2', ' 3', ' 4', ' 5', ' 6']
12.7502 	EXP 	Created unnamed TextStim = TextStim(__class__=<class 'psychopy.visual.text.TextStim'>, alignHoriz=method-wrapper(...), alignText='center', alignVert=method-wrapper(...), anchorHoriz='center', anchorVert='center', antialias=True, autoLog=True, bold=False, color=array([1., 1., 1.]), colorSpace='rgb', contrast=1.0, depth=0, flipHoriz=False, flipVert=False, font='', fontFiles=[], height=0.02, italic=False, languageStyle='LTR', name='unnamed TextStim', opacity=1.0, ori=0.0, pos=array([0., 0.]), rgb=array([1., 1., 1.]), text=' 2', units='height', win=Window(...), wrapWidth=0.06666666666666667)
12.7642 	EXP 	Question text: 18) Jestem dumny z historii mojego kraju.
12.7692 	EXP 	Response type: rating
12.7692 	EXP 	Response layout: horiz
12.7692 	EXP 	Response options: ['1', ' 2', ' 3', ' 4', ' 5', ' 6']
12.7712 	EXP 	Created unnamed TextStim = TextStim(__class__=<class 'psychopy.visual.text.TextStim'>, alignHoriz=method-wrapper(...), alignText='center', alignVert=method-wrapper(...), anchorHoriz='center', anchorVert='center', antialias=True, autoLog=True, bold=False, color=array([1., 1., 1.]), colorSpace='rgb', contrast=1.0, depth=0, flipHoriz=False, flipVert=False, font='', fontFiles=[], height=0.02, italic=False, languageStyle='LTR', name='unnamed TextStim', opacity=1.0, ori=0.0, pos=array([0., 0.]), rgb=array([1., 1., 1.]), text=' 2', units='height', win=Window(...), wrapWidth=0.06666666666666667)
12.7851 	EXP 	Question text: 19) Szacunek dla władzy i autorytetów jest czymś, czego powinny nauczyć się wszystkie dzieci.
12.7937 	EXP 	Response type: rating
12.7937 	EXP 	Response layout: horiz
12.7937 	EXP 	Response options: ['1', ' 2', ' 3', ' 4', ' 5', ' 6']
12.7958 	EXP 	Created unnamed TextStim = TextStim(__class__=<class 'psychopy.visual.text.TextStim'>, alignHoriz=method-wrapper(...), alignText='center', alignVert=method-wrapper(...), anchorHoriz='center', anchorVert='center', antialias=True, autoLog=True, bold=False, color=array([1., 1., 1.]), colorSpace='rgb', contrast=1.0, depth=0, flipHoriz=False, flipVert=False, font='', fontFiles=[], height=0.02, italic=False, languageStyle='LTR', name='unnamed TextStim', opacity=1.0, ori=0.0, pos=array([0., 0.]), rgb=array([1., 1., 1.]), text=' 2', units='height', win=Window(...), wrapWidth=0.06666666666666667)
12.8096 	EXP 	Question text: 20) Nie należy robić rzeczy obrzydliwych, nawet jeśli nikomu nie dzieje się krzywda z tego powodu.
12.8170 	EXP 	Response type: rating
12.8170 	EXP 	Response layout: horiz
12.8170 	EXP 	Response options: ['1', ' 2', ' 3', ' 4', ' 5', ' 6']
12.8189 	EXP 	Created unnamed TextStim = TextStim(__class__=<class 'psychopy.visual.text.TextStim'>, alignHoriz=method-wrapper(...), alignText='center', alignVert=method-wrapper(...), anchorHoriz='center', anchorVert='center', antialias=True, autoLog=True, bold=False, color=array([1., 1., 1.]), colorSpace='rgb', contrast=1.0, depth=0, flipHoriz=False, flipVert=False, font='', fontFiles=[], height=0.02, italic=False, languageStyle='LTR', name='unnamed TextStim', opacity=1.0, ori=0.0, pos=array([0., 0.]), rgb=array([1., 1., 1.]), text=' 2', units='height', win=Window(...), wrapWidth=0.06666666666666667)
12.8328 	EXP 	Question text: 21) Jedną z najgorszych rzeczy, jakie może zrobić człowiek, jest skrzywdzenie bezbronnego zwierzęcia.
12.8384 	EXP 	Response type: rating
12.8384 	EXP 	Response layout: horiz
12.8384 	EXP 	Response options: ['1', ' 2', ' 3', ' 4', ' 5', ' 6']
12.8404 	EXP 	Created unnamed TextStim = TextStim(__class__=<class 'psychopy.visual.text.TextStim'>, alignHoriz=method-wrapper(...), alignText='center', alignVert=method-wrapper(...), anchorHoriz='center', anchorVert='center', antialias=True, autoLog=True, bold=False, color=array([1., 1., 1.]), colorSpace='rgb', contrast=1.0, depth=0, flipHoriz=False, flipVert=False, font='', fontFiles=[], height=0.02, italic=False, languageStyle='LTR', name='unnamed TextStim', opacity=1.0, ori=0.0, pos=array([0., 0.]), rgb=array([1., 1., 1.]), text=' 2', units='height', win=Window(...), wrapWidth=0.06666666666666667)
12.8541 	EXP 	Question text: 22) Sprawiedliwe traktowanie obywateli jest podstawą dobrego społeczeństwa.
12.8601 	EXP 	Response type: rating
12.8601 	EXP 	Response layout: horiz
12.8602 	EXP 	Response options: ['1', ' 2', ' 3', ' 4', ' 5', ' 6']
12.8623 	EXP 	Created unnamed TextStim = TextStim(__class__=<class 'psychopy.visual.text.TextStim'>, alignHoriz=method-wrapper(...), alignText='center', alignVert=method-wrapper(...), anchorHoriz='center', anchorVert='center', antialias=True, autoLog=True, bold=False, color=array([1., 1., 1.]), colorSpace='rgb', contrast=1.0, depth=0, flipHoriz=False, flipVert=False, font='', fontFiles=[], height=0.02, italic=False, languageStyle='LTR', name='unnamed TextStim', opacity=1.0, ori=0.0, pos=array([0., 0.]), rgb=array([1., 1., 1.]), text=' 2', units='height', win=Window(...), wrapWidth=0.06666666666666667)
12.8750 	EXP 	Question text: 23) Należy być lojalnym wobec członków rodziny, nawet gdy zrobią coś złego.
12.8813 	EXP 	Response type: rating
12.8813 	EXP 	Response layout: horiz
12.8813 	EXP 	Response options: ['1', ' 2', ' 3', ' 4', ' 5', ' 6']
12.8833 	EXP 	Created unnamed TextStim = TextStim(__class__=<class 'psychopy.visual.text.TextStim'>, alignHoriz=method-wrapper(...), alignText='center', alignVert=method-wrapper(...), anchorHoriz='center', anchorVert='center', antialias=True, autoLog=True, bold=False, color=array([1., 1., 1.]), colorSpace='rgb', contrast=1.0, depth=0, flipHoriz=False, flipVert=False, font='', fontFiles=[], height=0.02, italic=False, languageStyle='LTR', name='unnamed TextStim', opacity=1.0, ori=0.0, pos=array([0., 0.]), rgb=array([1., 1., 1.]), text=' 2', units='height', win=Window(...), wrapWidth=0.06666666666666667)
12.8968 	EXP 	Question text: 24) Role kobiet i mężczyzn w społeczeństwie są i powinny być różne.
12.9026 	EXP 	Response type: rating
12.9026 	EXP 	Response layout: horiz
12.9026 	EXP 	Response options: ['1', ' 2', ' 3', ' 4', ' 5', ' 6']
12.9045 	EXP 	Created unnamed TextStim = TextStim(__class__=<class 'psychopy.visual.text.TextStim'>, alignHoriz=method-wrapper(...), alignText='center', alignVert=method-wrapper(...), anchorHoriz='center', anchorVert='center', antialias=True, autoLog=True, bold=False, color=array([1., 1., 1.]), colorSpace='rgb', contrast=1.0, depth=0, flipHoriz=False, flipVert=False, font='', fontFiles=[], height=0.02, italic=False, languageStyle='LTR', name='unnamed TextStim', opacity=1.0, ori=0.0, pos=array([0., 0.]), rgb=array([1., 1., 1.]), text=' 2', units='height', win=Window(...), wrapWidth=0.06666666666666667)
12.9184 	EXP 	Question text: 25) Określiłbym/określiłabym pewne czyny jako złe ze względu na to, że są one niezgodne z naturą.
12.9266 	EXP 	Response type: rating
12.9267 	EXP 	Response layout: horiz
12.9267 	EXP 	Response options: ['1', ' 2', ' 3', ' 4', ' 5', ' 6']
12.9287 	EXP 	Created unnamed TextStim = TextStim(__class__=<class 'psychopy.visual.text.TextStim'>, alignHoriz=method-wrapper(...), alignText='center', alignVert=method-wrapper(...), anchorHoriz='center', anchorVert='center', antialias=True, autoLog=True, bold=False, color=array([1., 1., 1.]), colorSpace='rgb', contrast=1.0, depth=0, flipHoriz=False, flipVert=False, font='', fontFiles=[], height=0.02, italic=False, languageStyle='LTR', name='unnamed TextStim', opacity=1.0, ori=0.0, pos=array([0., 0.]), rgb=array([1., 1., 1.]), text=' 2', units='height', win=Window(...), wrapWidth=0.06666666666666667)
12.9414 	EXP 	Question text: 26) Zabicie drugiego człowieka jest - w zdecydowanej większości przypadków - czymś moralnie złym.
12.9488 	EXP 	Response type: rating
12.9488 	EXP 	Response layout: horiz
12.9488 	EXP 	Response options: ['1', ' 2', ' 3', ' 4', ' 5', ' 6']
12.9511 	EXP 	Created unnamed TextStim = TextStim(__class__=<class 'psychopy.visual.text.TextStim'>, alignHoriz=method-wrapper(...), alignText='center', alignVert=method-wrapper(...), anchorHoriz='center', anchorVert='center', antialias=True, autoLog=True, bold=False, color=array([1., 1., 1.]), colorSpace='rgb', contrast=1.0, depth=0, flipHoriz=False, flipVert=False, font='', fontFiles=[], height=0.02, italic=False, languageStyle='LTR', name='unnamed TextStim', opacity=1.0, ori=0.0, pos=array([0., 0.]), rgb=array([1., 1., 1.]), text=' 2', units='height', win=Window(...), wrapWidth=0.06666666666666667)
12.9663 	EXP 	Question text: 27) Uważam, że jest to moralnie złe, że dzieci bogatych ludzi mają znacząco lepszy start w życiu niż dzieci biednych ludzi.
12.9739 	EXP 	Response type: rating
12.9739 	EXP 	Response layout: horiz
12.9739 	EXP 	Response options: ['1', ' 2', ' 3', ' 4', ' 5', ' 6']
12.9771 	EXP 	Created unnamed TextStim = TextStim(__class__=<class 'psychopy.visual.text.TextStim'>, alignHoriz=method-wrapper(...), alignText='center', alignVert=method-wrapper(...), anchorHoriz='center', anchorVert='center', antialias=True, autoLog=True, bold=False, color=array([1., 1., 1.]), colorSpace='rgb', contrast=1.0, depth=0, flipHoriz=False, flipVert=False, font='', fontFiles=[], height=0.02, italic=False, languageStyle='LTR', name='unnamed TextStim', opacity=1.0, ori=0.0, pos=array([0., 0.]), rgb=array([1., 1., 1.]), text=' 2', units='height', win=Window(...), wrapWidth=0.06666666666666667)
13.0014 	EXP 	Question text: 28) Solidarność ze swoją grupą jest ważniejsza niż wierność własnym poglądom.
13.0084 	EXP 	Response type: rating
13.0084 	EXP 	Response layout: horiz
13.0084 	EXP 	Response options: ['1', ' 2', ' 3', ' 4', ' 5', ' 6']
13.0124 	EXP 	Created unnamed TextStim = TextStim(__class__=<class 'psychopy.visual.text.TextStim'>, alignHoriz=method-wrapper(...), alignText='center', alignVert=method-wrapper(...), anchorHoriz='center', anchorVert='center', antialias=True, autoLog=True, bold=False, color=array([1., 1., 1.]), colorSpace='rgb', contrast=1.0, depth=0, flipHoriz=False, flipVert=False, font='', fontFiles=[], height=0.02, italic=False, languageStyle='LTR', name='unnamed TextStim', opacity=1.0, ori=0.0, pos=array([0., 0.]), rgb=array([1., 1., 1.]), text=' 2', units='height', win=Window(...), wrapWidth=0.06666666666666667)
13.0321 	EXP 	Question text: 29) Gdybym był żołnierzem i nie zgadzałbym się z rozkazem przełożonego, to i tak bym go wykonał, ponieważ taki jest obowiązek żołnierza.
13.0452 	EXP 	Response type: rating
13.0452 	EXP 	Response layout: horiz
13.0452 	EXP 	Response options: ['1', ' 2', ' 3', ' 4', ' 5', ' 6']
13.0485 	EXP 	Created unnamed TextStim = TextStim(__class__=<class 'psychopy.visual.text.TextStim'>, alignHoriz=method-wrapper(...), alignText='center', alignVert=method-wrapper(...), anchorHoriz='center', anchorVert='center', antialias=True, autoLog=True, bold=False, color=array([1., 1., 1.]), colorSpace='rgb', contrast=1.0, depth=0, flipHoriz=False, flipVert=False, font='', fontFiles=[], height=0.02, italic=False, languageStyle='LTR', name='unnamed TextStim', opacity=1.0, ori=0.0, pos=array([0., 0.]), rgb=array([1., 1., 1.]), text=' 2', units='height', win=Window(...), wrapWidth=0.06666666666666667)
13.0649 	EXP 	Question text: 30) Czystość seksualna to ważna i cenna cnota człowieka.
13.0693 	EXP 	Response type: rating
13.0693 	EXP 	Response layout: horiz
13.0693 	EXP 	Response options: ['1', ' 2', ' 3', ' 4', ' 5', ' 6']
13.0714 	EXP 	Created unnamed TextStim = TextStim(__class__=<class 'psychopy.visual.text.TextStim'>, alignHoriz=method-wrapper(...), alignText='center', alignVert=method-wrapper(...), anchorHoriz='center', anchorVert='center', antialias=True, autoLog=True, bold=False, color=array([1., 1., 1.]), colorSpace='rgb', contrast=1.0, depth=0, flipHoriz=False, flipVert=False, font='', fontFiles=[], height=0.02, italic=False, languageStyle='LTR', name='unnamed TextStim', opacity=1.0, ori=0.0, pos=array([0., 0.]), rgb=array([1., 1., 1.]), text=' 2', units='height', win=Window(...), wrapWidth=0.06666666666666667)
13.0937 	EXP 	Created MFQ_part2 = <psychopy.visual.form.Form object at 0x0000015C79CA1CF8>
13.1047 	EXP 	Created space_instr_2 = TextStim(__class__=<class 'psychopy.visual.text.TextStim'>, alignHoriz=method-wrapper(...), alignText='center', alignVert=method-wrapper(...), anchorHoriz='center', anchorVert='center', antialias=True, autoLog=True, bold=False, color='white', colorSpace='named', contrast=1.0, depth=-2.0, flipHoriz=False, flipVert=False, font='Arial', fontFiles=[], height=0.03, italic=False, languageStyle='LTR', name='space_instr_2', opacity=1.0, ori=0, pos=array([ 0. , -0.4]), rgb=array([255., 255., 255.]), text=str(...), units='height', win=Window(...), wrapWidth=1)
13.1240 	EXP 	Created scale_instr_mfq1_2 = TextStim(__class__=<class 'psychopy.visual.text.TextStim'>, alignHoriz=method-wrapper(...), alignText='center', alignVert=method-wrapper(...), anchorHoriz='center', anchorVert='center', antialias=True, autoLog=True, bold=False, color='white', colorSpace='named', contrast=1.0, depth=-3.0, flipHoriz=False, flipVert=False, font='Arial', fontFiles=[], height=0.025, italic=False, languageStyle='LTR', name='scale_instr_mfq1_2', opacity=1.0, ori=0, pos=array([-0.7 ,  0.26]), rgb=array([255., 255., 255.]), text=str(...), units='height', win=Window(...), wrapWidth=1)
13.1402 	EXP 	Created mfq1_instr_2 = TextStim(__class__=<class 'psychopy.visual.text.TextStim'>, alignHoriz=method-wrapper(...), alignText='center', alignVert=method-wrapper(...), anchorHoriz='center', anchorVert='center', antialias=True, autoLog=True, bold=False, color='white', colorSpace='named', contrast=1.0, depth=-4.0, flipHoriz=False, flipVert=False, font='Arial', fontFiles=[], height=0.023, italic=False, languageStyle='LTR', name='mfq1_instr_2', opacity=1.0, ori=0, pos=array([0.  , 0.43]), rgb=array([255., 255., 255.]), text=str(...), units='height', win=Window(...), wrapWidth=1)
13.1508 	EXP 	Created manipulation_text = TextStim(__class__=<class 'psychopy.visual.text.TextStim'>, alignHoriz=method-wrapper(...), alignText='center', alignVert=method-wrapper(...), anchorHoriz='center', anchorVert='center', antialias=True, autoLog=True, bold=False, color='white', colorSpace='named', contrast=1.0, depth=-1.0, flipHoriz=False, flipVert=False, font='Arial', fontFiles=[], height=0.03, italic=False, languageStyle='LTR', name='manipulation_text', opacity=1.0, ori=0, pos=array([0., 0.]), rgb=array([255., 255., 255.]), text='default text', units='height', win=Window(...), wrapWidth=1)
13.1619 	EXP 	Imported demography.xlsx as conditions, 4 conditions, 9 params
13.1624 	EXP 	Question text: Prosimy zaznaczyć swoją płeć:
13.1756 	EXP 	Response type: radio
13.1757 	EXP 	Response layout: horiz
13.1757 	EXP 	Response options: ['Mężczyzna', ' Kobieta', ' Inna']
13.1819 	EXP 	Created unnamed TextStim = TextStim(__class__=<class 'psychopy.visual.text.TextStim'>, alignHoriz=method-wrapper(...), alignText='center', alignVert=method-wrapper(...), anchorHoriz='center', anchorVert='center', antialias=True, autoLog=True, bold=False, color=array([1., 1., 1.]), colorSpace='rgb', contrast=1.0, depth=0, flipHoriz=False, flipVert=False, font='', fontFiles=[], height=0.02, italic=False, languageStyle='LTR', name='unnamed TextStim', opacity=1.0, ori=0.0, pos=array([0., 0.]), rgb=array([1., 1., 1.]), text='Mężczyzna', units='height', win=Window(...), wrapWidth=0.13333333333333333)
13.2001 	EXP 	Question text: Prosimy zaznaczyć swój wiek:
13.2060 	EXP 	Response type: radio
13.2060 	EXP 	Response layout: horiz
13.2061 	EXP 	Response options: ['18 - 26', ' 26 - 34', ' 34 - 42', ' 42 - 50', ' 50+']
13.2130 	EXP 	Created unnamed TextStim = TextStim(__class__=<class 'psychopy.visual.text.TextStim'>, alignHoriz=method-wrapper(...), alignText='center', alignVert=method-wrapper(...), anchorHoriz='center', anchorVert='center', antialias=True, autoLog=True, bold=False, color=array([1., 1., 1.]), colorSpace='rgb', contrast=1.0, depth=0, flipHoriz=False, flipVert=False, font='', fontFiles=[], height=0.02, italic=False, languageStyle='LTR', name='unnamed TextStim', opacity=1.0, ori=0.0, pos=array([0., 0.]), rgb=array([1., 1., 1.]), text=' 26 - 34', units='height', win=Window(...), wrapWidth=0.08)
13.2359 	EXP 	Question text: Prosimy zaznaczyć swoje miejsce zamieszkania:
13.2395 	EXP 	Response type: radio
13.2395 	EXP 	Response layout: vert
13.2395 	EXP 	Response options: ['Wieś', ' Miasto do 10 000 mieszkańców', ' Miasto od 10 do 50 000 mieszkańców', ' Miasto od 50 do 500 000 mieszkańców', ' Miasto powyżej 500 000 mieszkańców']
13.2467 	EXP 	Created unnamed TextStim = TextStim(__class__=<class 'psychopy.visual.text.TextStim'>, alignHoriz=method-wrapper(...), alignText='center', alignVert=method-wrapper(...), anchorHoriz='center', anchorVert='center', antialias=True, autoLog=True, bold=False, color=array([1., 1., 1.]), colorSpace='rgb', contrast=1.0, depth=0, flipHoriz=False, flipVert=False, font='', fontFiles=[], height=0.02, italic=False, languageStyle='LTR', name='unnamed TextStim', opacity=1.0, ori=0.0, pos=array([0., 0.]), rgb=array([1., 1., 1.]), text=' Miasto od 50 do 500 000 mieszkańców', units='height', win=Window(...), wrapWidth=0.08)
13.2737 	EXP 	Question text: Prosimy zaznaczyć swoje wykształcenie:
13.2784 	EXP 	Response type: radio
13.2784 	EXP 	Response layout: horiz
13.2784 	EXP 	Response options: ['Podstawowe', ' Gimnazjalne', ' Średnie', ' Wyższe']
13.2826 	EXP 	Created unnamed TextStim = TextStim(__class__=<class 'psychopy.visual.text.TextStim'>, alignHoriz=method-wrapper(...), alignText='center', alignVert=method-wrapper(...), anchorHoriz='center', anchorVert='center', antialias=True, autoLog=True, bold=False, color=array([1., 1., 1.]), colorSpace='rgb', contrast=1.0, depth=0, flipHoriz=False, flipVert=False, font='', fontFiles=[], height=0.02, italic=False, languageStyle='LTR', name='unnamed TextStim', opacity=1.0, ori=0.0, pos=array([0., 0.]), rgb=array([1., 1., 1.]), text=' Gimnazjalne', units='height', win=Window(...), wrapWidth=0.1)
13.3074 	EXP 	Created demography_form = <psychopy.visual.form.Form object at 0x0000015C7E3557F0>
13.3212 	EXP 	Created space_instr_3 = TextStim(__class__=<class 'psychopy.visual.text.TextStim'>, alignHoriz=method-wrapper(...), alignText='center', alignVert=method-wrapper(...), anchorHoriz='center', anchorVert='center', antialias=True, autoLog=True, bold=False, color='white', colorSpace='named', contrast=1.0, depth=-2.0, flipHoriz=False, flipVert=False, font='Arial', fontFiles=[], height=0.03, italic=False, languageStyle='LTR', name='space_instr_3', opacity=1.0, ori=0, pos=array([ 0. , -0.4]), rgb=array([255., 255., 255.]), text=str(...), units='height', win=Window(...), wrapWidth=1)
13.4181 	EXP 	Created debriefing_text = TextStim(__class__=<class 'psychopy.visual.text.TextStim'>, alignHoriz=method-wrapper(...), alignText='center', alignVert=method-wrapper(...), anchorHoriz='center', anchorVert='center', antialias=True, autoLog=True, bold=False, color='white', colorSpace='named', contrast=1.0, depth=0.0, flipHoriz=False, flipVert=False, font='Arial', fontFiles=[], height=0.025, italic=False, languageStyle='LTR', name='debriefing_text', opacity=1.0, ori=0, pos=array([0., 0.]), rgb=array([255., 255., 255.]), text=str(...), units='height', win=Window(...), wrapWidth=1)
13.4509 	EXP 	unnamed Form: autoLog = True
13.4509 	EXP 	relationship_form: name = 'relationship_form'
13.4509 	EXP 	relationship_form: size = (1, 0.7)
13.4509 	EXP 	relationship_form: pos = (0, 0)
13.4509 	EXP 	relationship_form: size = array([1. , 0.7])
13.4509 	EXP 	relationship_form: pos = array([0., 0.])
13.4509 	EXP 	relationship_form: units = 'height'
13.4509 	EXP 	unnamed Form: autoLog = True
13.4509 	EXP 	MFQ_part1: name = 'MFQ_part1'
13.4509 	EXP 	MFQ_part1: size = (1, 0.7)
13.4509 	EXP 	MFQ_part1: pos = (0, 0)
13.4509 	EXP 	MFQ_part1: size = array([1. , 0.7])
13.4509 	EXP 	MFQ_part1: pos = array([0., 0.])
13.4509 	EXP 	MFQ_part1: units = 'height'
13.4509 	EXP 	unnamed Form: autoLog = True
13.4509 	EXP 	MFQ_part2: name = 'MFQ_part2'
13.4509 	EXP 	MFQ_part2: size = (1, 0.7)
13.4509 	EXP 	MFQ_part2: pos = (0, 0)
13.4509 	EXP 	MFQ_part2: size = array([1. , 0.7])
13.4509 	EXP 	MFQ_part2: pos = array([0., 0.])
13.4509 	EXP 	MFQ_part2: units = 'height'
13.4509 	EXP 	unnamed Form: autoLog = True
13.4509 	EXP 	demography_form: name = 'demography_form'
13.4509 	EXP 	demography_form: size = (1, 0.7)
13.4509 	EXP 	demography_form: pos = (0, 0)
13.4509 	EXP 	demography_form: size = array([1. , 0.7])
13.4509 	EXP 	demography_form: pos = array([0., 0.])
13.4509 	EXP 	demography_form: units = 'height'
13.4509 	EXP 	intro_text: autoDraw = True
13.4509 	EXP 	space_instr_intro: autoDraw = True
14.2333 	DATA 	Keypress: right
14.6167 	DATA 	Keypress: left
15.2995 	DATA 	Keypress: space
15.3632 	EXP 	intro_text: autoDraw = False
15.3632 	EXP 	space_instr_intro: autoDraw = False
15.3632 	EXP 	space_instr_4: autoDraw = True
15.3632 	EXP 	relationship_instr: autoDraw = True
16.1444 	DATA 	Keypress: space
16.1647 	EXP 	relationship_form: autoDraw = False
16.1647 	EXP 	space_instr_4: autoDraw = False
16.1647 	EXP 	relationship_instr: autoDraw = False
16.1647 	EXP 	instr_fakeiq: autoDraw = True
16.7817 	DATA 	Keypress: space
18.6639 	DATA 	Keypress: space
18.6853 	EXP 	Imported fakeiq_images.xlsx as conditions, 3 conditions, 1 params
18.6890 	EXP 	Created sequence: random, trialTypes=3, nReps=1, seed=None
18.6894 	EXP 	New trial (rep=0, index=0): OrderedDict([('ImageFile', 'raven/raven2.png')])
18.7162 	EXP 	instr_fakeiq: autoDraw = False
18.7162 	EXP 	image_raven: image = 'raven/raven2.png'
18.7162 	EXP 	image_raven: autoDraw = True
20.5138 	DATA 	Keypress: space
21.4465 	DATA 	Keypress: space
23.6470 	EXP 	New trial (rep=0, index=1): OrderedDict([('ImageFile', 'raven/raven1.png')])
23.6567 	DATA 	Keypress: 7
23.6614 	EXP 	image_raven: autoDraw = False
23.6614 	EXP 	image_raven: image = 'raven/raven1.png'
23.6614 	EXP 	image_raven: autoDraw = True
24.6463 	EXP 	New trial (rep=0, index=2): OrderedDict([('ImageFile', 'raven/raven3.png')])
24.6678 	DATA 	Keypress: 7
24.6724 	EXP 	image_raven: autoDraw = False
24.6724 	EXP 	image_raven: image = 'raven/raven3.png'
24.6724 	EXP 	image_raven: autoDraw = True
25.1291 	DATA 	Keypress: 7
25.1572 	EXP 	image_raven: autoDraw = False
25.1572 	EXP 	instr_premfq: autoDraw = True
26.1443 	DATA 	Keypress: space
26.1956 	EXP 	instr_premfq: autoDraw = False
26.1956 	EXP 	space_instr: autoDraw = True
26.1956 	EXP 	mfq1_instr: autoDraw = True
26.1956 	EXP 	scale_instr_mfq1: autoDraw = True
26.9422 	DATA 	Keypress: space
26.9965 	EXP 	MFQ_part1: autoDraw = False
26.9965 	EXP 	space_instr: autoDraw = False
26.9965 	EXP 	mfq1_instr: autoDraw = False
26.9965 	EXP 	scale_instr_mfq1: autoDraw = False
26.9965 	EXP 	space_instr_2: autoDraw = True
26.9965 	EXP 	scale_instr_mfq1_2: autoDraw = True
26.9965 	EXP 	mfq1_instr_2: autoDraw = True
27.4898 	DATA 	Keypress: space
27.5590 	EXP 	MFQ_part2: autoDraw = False
27.5590 	EXP 	space_instr_2: autoDraw = False
27.5590 	EXP 	scale_instr_mfq1_2: autoDraw = False
27.5590 	EXP 	mfq1_instr_2: autoDraw = False
27.5590 	EXP 	manipulation_text: text = 'Teraz poprosimy Panią/Pana o przypomnienie sobie sytuacji, \nw której odbyła Pani/odbył Pan stosunek seksualny, nie będąc wówczas z związku. \n\nJeśli powyższe zdarzenie nie miało miejsca, prosimy o przypomnienie sobie sytuacji,\nw której mogło dojść do takiego zbliżenia. Może Pani/Pan napisać historię tego zdarzenia na kartce, \naby łatwiej było się Pani/Panu skupić. Następnie prosimy o udzielenie odpowiedzi na poniższe pytania. \n\nNie będziemy zadawać pytań na temat szczegółów historii oraz jej merytoryki. \nJest ona wyłącznie Pani/Pana własnością. \n\nPrzypominamy również, że odpowiedzi są traktowane w sposób całkowicie poufny i anonimowy. \n\n\nJak czuła się Pani/czuł się Pan w trakcie przypominania sobie tej historii? \n\n\nJakie emocje teraz Pani/Pan odczuwa?\n'
27.5590 	EXP 	manipulation_text: autoDraw = True
28.3622 	DATA 	Keypress: space
28.3868 	EXP 	manipulation_text: autoDraw = False
28.3868 	EXP 	space_instr_3: autoDraw = True
29.1092 	DATA 	Keypress: space
29.1260 	EXP 	demography_form: autoDraw = False
29.1260 	EXP 	space_instr_3: autoDraw = False
29.1260 	EXP 	debriefing_text: autoDraw = True
29.8775 	DATA 	Keypress: space
29.8885 	EXP 	debriefing_text: autoDraw = False
30.0763 	EXP 	window1: mouseVisible = True
