0.4062 	WARNING 	We strongly recommend you activate the PTB sound engine in PsychoPy prefs as the preferred audio engine. Its timing is vastly superior. Your prefs are currently set to use ['sounddevice', 'PTB', 'pyo', 'pygame'] (in that order).
4.8736 	WARNING 	User requested fullscreen with size [1280  720], but screen is actually [1920, 1080]. Using actual size
8.1103 	EXP 	Created window1 = Window(allowGUI=False, allowStencil=False, args=UNKNOWN, autoLog=True, bitsMode=UNKNOWN, blendMode='avg', bpc=(8, 8, 8), color=array([0., 0., 0.]), colorSpace='rgb', depthBits=8, fullscr=<method-wrapper '__getattribute__' of attributeSetter object at 0x000001A278205128>, gamma=None, gammaErrorPolicy='raise', kwargs=UNKNOWN, lms=UNKNOWN, monitor=<psychopy.monitors.calibTools.Monitor object at 0x000001A279A81C88>, multiSample=False, name='window1', numSamples=2, pos=[0.0, 0.0], screen=0, size=array([1920, 1080]), stencilBits=0, stereo=False, units='height', useFBO=True, useRetina=False, viewOri=0.0, viewPos=None, viewScale=None, waitBlanking=True, winType='pyglet')
8.1104 	EXP 	window1: recordFrameIntervals = False
8.2763 	EXP 	window1: recordFrameIntervals = True
8.4598 	EXP 	window1: recordFrameIntervals = False
8.6574 	EXP 	Created manipulation_text = TextStim(__class__=<class 'psychopy.visual.text.TextStim'>, alignHoriz=method-wrapper(...), alignText='center', alignVert=method-wrapper(...), anchorHoriz='center', anchorVert='center', antialias=True, autoLog=True, bold=False, color='white', colorSpace='named', contrast=1.0, depth=-1.0, flipHoriz=False, flipVert=False, font='Arial', fontFiles=[], height=0.03, italic=False, languageStyle='LTR', name='manipulation_text', opacity=1.0, ori=0, pos=array([0., 0.]), rgb=array([255., 255., 255.]), text='default text', units='height', win=Window(...), wrapWidth=1)
8.7055 	EXP 	Created instr_fakeiq = TextStim(__class__=<class 'psychopy.visual.text.TextStim'>, alignHoriz=method-wrapper(...), alignText='center', alignVert=method-wrapper(...), anchorHoriz='center', anchorVert='center', antialias=True, autoLog=True, bold=False, color='white', colorSpace='named', contrast=1.0, depth=0.0, flipHoriz=False, flipVert=False, font='Arial', fontFiles=[], height=0.05, italic=False, languageStyle='LTR', name='instr_fakeiq', opacity=1.0, ori=0, pos=array([0., 0.]), rgb=array([255., 255., 255.]), text=str(...), units='height', win=Window(...), wrapWidth=1)
8.7243 	EXP 	Created space_instr_fake_iq = TextStim(__class__=<class 'psychopy.visual.text.TextStim'>, alignHoriz=method-wrapper(...), alignText='center', alignVert=method-wrapper(...), anchorHoriz='center', anchorVert='center', antialias=True, autoLog=True, bold=False, color='white', colorSpace='named', contrast=1.0, depth=0.0, flipHoriz=False, flipVert=False, font='Arial', fontFiles=[], height=0.03, italic=False, languageStyle='LTR', name='space_instr_fake_iq', opacity=1.0, ori=0, pos=array([ 0. , -0.4]), rgb=array([255., 255., 255.]), text=str(...), units='height', win=Window(...), wrapWidth=1)
8.7509 	EXP 	Created FAKE_iq_1 = TextStim(__class__=<class 'psychopy.visual.text.TextStim'>, alignHoriz=method-wrapper(...), alignText='center', alignVert=method-wrapper(...), anchorHoriz='center', anchorVert='center', antialias=True, autoLog=True, bold=False, color='white', colorSpace='named', contrast=1.0, depth=-2.0, flipHoriz=False, flipVert=False, font='Arial', fontFiles=[], height=0.05, italic=False, languageStyle='LTR', name='FAKE_iq_1', opacity=1.0, ori=0, pos=array([0., 0.]), rgb=array([255., 255., 255.]), text=str(...), units='height', win=Window(...), wrapWidth=1)
8.7569 	EXP 	Created space_instr_fake_iq_2 = TextStim(__class__=<class 'psychopy.visual.text.TextStim'>, alignHoriz=method-wrapper(...), alignText='center', alignVert=method-wrapper(...), anchorHoriz='center', anchorVert='center', antialias=True, autoLog=True, bold=False, color='white', colorSpace='named', contrast=1.0, depth=0.0, flipHoriz=False, flipVert=False, font='Arial', fontFiles=[], height=0.03, italic=False, languageStyle='LTR', name='space_instr_fake_iq_2', opacity=1.0, ori=0, pos=array([ 0. , -0.4]), rgb=array([255., 255., 255.]), text=str(...), units='height', win=Window(...), wrapWidth=1)
8.7731 	EXP 	Created FAKE_iq_2 = TextStim(__class__=<class 'psychopy.visual.text.TextStim'>, alignHoriz=method-wrapper(...), alignText='center', alignVert=method-wrapper(...), anchorHoriz='center', anchorVert='center', antialias=True, autoLog=True, bold=False, color='white', colorSpace='named', contrast=1.0, depth=-2.0, flipHoriz=False, flipVert=False, font='Arial', fontFiles=[], height=0.05, italic=False, languageStyle='LTR', name='FAKE_iq_2', opacity=1.0, ori=0, pos=array([0., 0.]), rgb=array([255., 255., 255.]), text=str(...), units='height', win=Window(...), wrapWidth=1)
8.8056 	EXP 	Created article_instr_text = TextStim(__class__=<class 'psychopy.visual.text.TextStim'>, alignHoriz=method-wrapper(...), alignText='center', alignVert=method-wrapper(...), anchorHoriz='center', anchorVert='center', antialias=True, autoLog=True, bold=False, color='white', colorSpace='named', contrast=1.0, depth=0.0, flipHoriz=False, flipVert=False, font='Arial', fontFiles=[], height=0.03, italic=False, languageStyle='LTR', name='article_instr_text', opacity=1.0, ori=0, pos=array([0., 0.]), rgb=array([255., 255., 255.]), text=str(...), units='height', win=Window(...), wrapWidth=1)
8.8321 	EXP 	Created image = ImageStim(__class__=<class 'psychopy.visual.image.ImageStim'>, autoLog=True, color=array([1., 1., 1.]), colorSpace='rgb', contrast=1.0, depth=-1.0, flipHoriz=False, flipVert=False, image='sin', interpolate=True, mask=None, maskParams=None, name='image', opacity=1.0, ori=0.0, pos=array([0., 0.]), size=array([1.2, 1. ]), texRes=128, units='height', win=Window(...))
8.8523 	EXP 	Created article_ans_2 = TextStim(__class__=<class 'psychopy.visual.text.TextStim'>, alignHoriz=method-wrapper(...), alignText='center', alignVert=method-wrapper(...), anchorHoriz='center', anchorVert='center', antialias=True, autoLog=True, bold=False, color='white', colorSpace='named', contrast=1.0, depth=-1.0, flipHoriz=False, flipVert=False, font='Arial', fontFiles=[], height=0.05, italic=False, languageStyle='LTR', name='article_ans_2', opacity=1.0, ori=0, pos=array([0., 0.]), rgb=array([255., 255., 255.]), text=str(...), units='height', win=Window(...), wrapWidth=1)
8.8768 	EXP 	Created DV_measurement_instr_text = TextStim(__class__=<class 'psychopy.visual.text.TextStim'>, alignHoriz=method-wrapper(...), alignText='center', alignVert=method-wrapper(...), anchorHoriz='center', anchorVert='center', antialias=True, autoLog=True, bold=False, color='white', colorSpace='named', contrast=1.0, depth=0.0, flipHoriz=False, flipVert=False, font='Arial', fontFiles=[], height=0.03, italic=False, languageStyle='LTR', name='DV_measurement_instr_text', opacity=1.0, ori=0, pos=array([0., 0.]), rgb=array([255., 255., 255.]), text=str(...), units='height', win=Window(...), wrapWidth=1)
8.8789 	EXP 	Created ad_images = ImageStim(__class__=<class 'psychopy.visual.image.ImageStim'>, autoLog=True, color=array([1., 1., 1.]), colorSpace='rgb', contrast=1.0, depth=0.0, flipHoriz=False, flipVert=False, image='sin', interpolate=True, mask=None, maskParams=None, name='ad_images', opacity=1.0, ori=0.0, pos=array([0., 0.]), size=array([0.5, 0.5]), texRes=128, units='height', win=Window(...))
8.9937 	EXP 	Created debriefing_text = TextStim(__class__=<class 'psychopy.visual.text.TextStim'>, alignHoriz=method-wrapper(...), alignText='center', alignVert=method-wrapper(...), anchorHoriz='center', anchorVert='center', antialias=True, autoLog=True, bold=False, color='white', colorSpace='named', contrast=1.0, depth=0.0, flipHoriz=False, flipVert=False, font='Arial', fontFiles=[], height=0.025, italic=False, languageStyle='LTR', name='debriefing_text', opacity=1.0, ori=0, pos=array([0., 0.]), rgb=array([255., 255., 255.]), text=str(...), units='height', win=Window(...), wrapWidth=1)
9.0730 	EXP 	manipulation_text: text = "Teraz poprosimy Panią/Pana o przypomnienie sobie sytuacji, w której odbyła Pani/odbył Pan angażującą rozmowę ze swoją najbliższą osobą.\n\nProszę przypomnieć sobie jak czuła/czuł się Pani/Pan w tej sytuacji, jakie odczucia pojawiały się w Pani/Pana ciele. Może Pani/Pan napisać historię tego zdarzenia na kartce, aby łatwiej było się Pani/Panu skupić.\n\nNie będziemy zadawać pytań na temat szczegółów historii oraz jej merytoryki. Jest ona wyłącznie Pani/Pana własnością. \n\n\n\n\n\n\nJeżeli doświadczyła/doświadczył Pani/Pan wyżej opisanej sytuacji, prosimy wcisnąć klawisz 'T'.\nW przeciwnym razie prosimy wcisnąć klawisz 'N'."
9.0730 	EXP 	manipulation_text: autoDraw = True
19.8958 	DATA 	Keypress: t
19.9058 	EXP 	manipulation_text: autoDraw = False
19.9058 	EXP 	instr_fakeiq: autoDraw = True
21.0774 	DATA 	Keypress: space
21.1057 	EXP 	instr_fakeiq: autoDraw = False
21.1057 	EXP 	space_instr_fake_iq: autoDraw = True
21.1057 	EXP 	FAKE_iq_1: autoDraw = True
25.9136 	DATA 	Keypress: a
25.9209 	EXP 	space_instr_fake_iq: autoDraw = False
25.9209 	EXP 	FAKE_iq_1: autoDraw = False
25.9209 	EXP 	space_instr_fake_iq_2: autoDraw = True
25.9209 	EXP 	FAKE_iq_2: autoDraw = True
28.5240 	DATA 	Keypress: a
28.5532 	EXP 	space_instr_fake_iq_2: autoDraw = False
28.5532 	EXP 	FAKE_iq_2: autoDraw = False
28.5532 	EXP 	article_instr_text: autoDraw = True
31.5068 	DATA 	Keypress: space
32.2785 	EXP 	article_instr_text: autoDraw = False
32.2785 	EXP 	image: image = 'screenshots\\N1_N5_C5_N6_C1_C2.png'
32.2785 	EXP 	image: autoDraw = True
39.4759 	DATA 	Keypress: space
39.4828 	EXP 	image: autoDraw = False
39.4828 	EXP 	article_ans_2: autoDraw = True
43.5713 	DATA 	Keypress: c
43.5981 	EXP 	article_ans_2: autoDraw = False
43.5981 	EXP 	DV_measurement_instr_text: autoDraw = True
45.0573 	EXP 	Imported ads_paths.csv as conditions, 12 conditions, 1 params
45.0577 	EXP 	Created sequence: random, trialTypes=12, nReps=1, seed=None
45.0580 	EXP 	New trial (rep=0, index=0): OrderedDict([('ImageFile', 'images/non-cleansing/non_cleansing_1.jpg')])
45.0678 	DATA 	Keypress: space
45.0710 	EXP 	DV_measurement_instr_text: autoDraw = False
45.0710 	EXP 	ad_images: image = 'images/non-cleansing/non_cleansing_1.jpg'
45.0710 	EXP 	ad_images: autoDraw = True
47.4170 	DATA 	Keypress: space
48.1846 	DATA 	Keypress: space
48.6856 	EXP 	New trial (rep=0, index=1): OrderedDict([('ImageFile', 'images/cleansing/cleansing_2.jpg')])
48.6995 	DATA 	Keypress: t
48.7029 	EXP 	ad_images: autoDraw = False
48.7029 	EXP 	ad_images: image = 'images/cleansing/cleansing_2.jpg'
48.7029 	EXP 	ad_images: autoDraw = True
51.8345 	EXP 	New trial (rep=0, index=2): OrderedDict([('ImageFile', 'images/cleansing/cleansing_5.jpg')])
51.8590 	DATA 	Keypress: t
51.8624 	EXP 	ad_images: autoDraw = False
51.8624 	EXP 	ad_images: image = 'images/cleansing/cleansing_5.jpg'
51.8624 	EXP 	ad_images: autoDraw = True
52.3000 	EXP 	New trial (rep=0, index=3): OrderedDict([('ImageFile', 'images/non-cleansing/non_cleansing_3.jpg')])
52.3131 	DATA 	Keypress: t
52.3163 	EXP 	ad_images: autoDraw = False
52.3163 	EXP 	ad_images: image = 'images/non-cleansing/non_cleansing_3.jpg'
52.3163 	EXP 	ad_images: autoDraw = True
52.9164 	EXP 	New trial (rep=0, index=4): OrderedDict([('ImageFile', 'images/cleansing/cleansing_1.jpg')])
52.9326 	DATA 	Keypress: t
52.9358 	EXP 	ad_images: autoDraw = False
52.9358 	EXP 	ad_images: image = 'images/cleansing/cleansing_1.jpg'
52.9358 	EXP 	ad_images: autoDraw = True
53.5661 	EXP 	New trial (rep=0, index=5): OrderedDict([('ImageFile', 'images/non-cleansing/non_cleansing_4.jpg')])
53.5794 	DATA 	Keypress: t
53.5825 	EXP 	ad_images: autoDraw = False
53.5825 	EXP 	ad_images: image = 'images/non-cleansing/non_cleansing_4.jpg'
53.5825 	EXP 	ad_images: autoDraw = True
54.1315 	DATA 	Keypress: t
54.1487 	EXP 	New trial (rep=0, index=6): OrderedDict([('ImageFile', 'images/non-cleansing/non_cleansing_2.jpg')])
54.1615 	EXP 	ad_images: autoDraw = False
54.1615 	EXP 	ad_images: image = 'images/non-cleansing/non_cleansing_2.jpg'
54.1615 	EXP 	ad_images: autoDraw = True
54.9817 	EXP 	New trial (rep=0, index=7): OrderedDict([('ImageFile', 'images/non-cleansing/non_cleansing_6.jpg')])
54.9957 	DATA 	Keypress: t
54.9989 	EXP 	ad_images: autoDraw = False
54.9989 	EXP 	ad_images: image = 'images/non-cleansing/non_cleansing_6.jpg'
54.9989 	EXP 	ad_images: autoDraw = True
55.6502 	EXP 	New trial (rep=0, index=8): OrderedDict([('ImageFile', 'images/cleansing/cleansing_4.jpg')])
55.6696 	DATA 	Keypress: t
55.6728 	EXP 	ad_images: autoDraw = False
55.6728 	EXP 	ad_images: image = 'images/cleansing/cleansing_4.jpg'
55.6728 	EXP 	ad_images: autoDraw = True
56.2643 	EXP 	New trial (rep=0, index=9): OrderedDict([('ImageFile', 'images/cleansing/cleansing_3.jpg')])
56.2719 	DATA 	Keypress: t
56.2770 	EXP 	ad_images: autoDraw = False
56.2770 	EXP 	ad_images: image = 'images/cleansing/cleansing_3.jpg'
56.2770 	EXP 	ad_images: autoDraw = True
56.8648 	DATA 	Keypress: t
56.8813 	EXP 	New trial (rep=0, index=10): OrderedDict([('ImageFile', 'images/non-cleansing/non_cleansing_5.jpg')])
56.8935 	EXP 	ad_images: autoDraw = False
56.8935 	EXP 	ad_images: image = 'images/non-cleansing/non_cleansing_5.jpg'
56.8935 	EXP 	ad_images: autoDraw = True
57.5981 	EXP 	New trial (rep=0, index=11): OrderedDict([('ImageFile', 'images/cleansing/cleansing_6.jpg')])
57.6254 	DATA 	Keypress: t
57.6286 	EXP 	ad_images: autoDraw = False
57.6286 	EXP 	ad_images: image = 'images/cleansing/cleansing_6.jpg'
57.6286 	EXP 	ad_images: autoDraw = True
58.2344 	DATA 	Keypress: t
58.2442 	EXP 	ad_images: autoDraw = False
58.2442 	EXP 	debriefing_text: autoDraw = True
63.9628 	DATA 	Keypress: space
63.9739 	EXP 	debriefing_text: autoDraw = False
64.2607 	EXP 	window1: mouseVisible = True
