0.3767 	WARNING 	We strongly recommend you activate the PTB sound engine in PsychoPy prefs as the preferred audio engine. Its timing is vastly superior. Your prefs are currently set to use ['sounddevice', 'PTB', 'pyo', 'pygame'] (in that order).
2.8208 	WARNING 	User requested fullscreen with size [1280  720], but screen is actually [1920, 1080]. Using actual size
4.8050 	EXP 	Created window1 = Window(allowGUI=False, allowStencil=False, args=UNKNOWN, autoLog=True, bitsMode=UNKNOWN, blendMode='avg', bpc=(8, 8, 8), color=array([0., 0., 0.]), colorSpace='rgb', depthBits=8, fullscr=<method-wrapper '__getattribute__' of attributeSetter object at 0x00000272CAB382B0>, gamma=None, gammaErrorPolicy='raise', kwargs=UNKNOWN, lms=UNKNOWN, monitor=<psychopy.monitors.calibTools.Monitor object at 0x00000272CABB4DD8>, multiSample=False, name='window1', numSamples=2, pos=[0.0, 0.0], screen=0, size=array([1920, 1080]), stencilBits=0, stereo=False, units='height', useFBO=True, useRetina=False, viewOri=0.0, viewPos=None, viewScale=None, waitBlanking=True, winType='pyglet')
4.8051 	EXP 	window1: recordFrameIntervals = False
4.9700 	EXP 	window1: recordFrameIntervals = True
5.1538 	EXP 	window1: recordFrameIntervals = False
5.3317 	EXP 	Created manipulation_text = TextStim(__class__=<class 'psychopy.visual.text.TextStim'>, alignHoriz=method-wrapper(...), alignText='center', alignVert=method-wrapper(...), anchorHoriz='center', anchorVert='center', antialias=True, autoLog=True, bold=False, color='white', colorSpace='named', contrast=1.0, depth=-1.0, flipHoriz=False, flipVert=False, font='Arial', fontFiles=[], height=0.03, italic=False, languageStyle='LTR', name='manipulation_text', opacity=1.0, ori=0, pos=array([0., 0.]), rgb=array([255., 255., 255.]), text='default text', units='height', win=Window(...), wrapWidth=1)
5.3764 	EXP 	Created instr_fakeiq = TextStim(__class__=<class 'psychopy.visual.text.TextStim'>, alignHoriz=method-wrapper(...), alignText='center', alignVert=method-wrapper(...), anchorHoriz='center', anchorVert='center', antialias=True, autoLog=True, bold=False, color='white', colorSpace='named', contrast=1.0, depth=0.0, flipHoriz=False, flipVert=False, font='Arial', fontFiles=[], height=0.05, italic=False, languageStyle='LTR', name='instr_fakeiq', opacity=1.0, ori=0, pos=array([0., 0.]), rgb=array([255., 255., 255.]), text=str(...), units='height', win=Window(...), wrapWidth=1)
5.3901 	EXP 	Created space_instr_fake_iq = TextStim(__class__=<class 'psychopy.visual.text.TextStim'>, alignHoriz=method-wrapper(...), alignText='center', alignVert=method-wrapper(...), anchorHoriz='center', anchorVert='center', antialias=True, autoLog=True, bold=False, color='white', colorSpace='named', contrast=1.0, depth=0.0, flipHoriz=False, flipVert=False, font='Arial', fontFiles=[], height=0.03, italic=False, languageStyle='LTR', name='space_instr_fake_iq', opacity=1.0, ori=0, pos=array([ 0. , -0.4]), rgb=array([255., 255., 255.]), text=str(...), units='height', win=Window(...), wrapWidth=1)
5.4091 	EXP 	Created FAKE_iq_1 = TextStim(__class__=<class 'psychopy.visual.text.TextStim'>, alignHoriz=method-wrapper(...), alignText='center', alignVert=method-wrapper(...), anchorHoriz='center', anchorVert='center', antialias=True, autoLog=True, bold=False, color='white', colorSpace='named', contrast=1.0, depth=-2.0, flipHoriz=False, flipVert=False, font='Arial', fontFiles=[], height=0.05, italic=False, languageStyle='LTR', name='FAKE_iq_1', opacity=1.0, ori=0, pos=array([0., 0.]), rgb=array([255., 255., 255.]), text=str(...), units='height', win=Window(...), wrapWidth=1)
5.4151 	EXP 	Created space_instr_fake_iq_2 = TextStim(__class__=<class 'psychopy.visual.text.TextStim'>, alignHoriz=method-wrapper(...), alignText='center', alignVert=method-wrapper(...), anchorHoriz='center', anchorVert='center', antialias=True, autoLog=True, bold=False, color='white', colorSpace='named', contrast=1.0, depth=0.0, flipHoriz=False, flipVert=False, font='Arial', fontFiles=[], height=0.03, italic=False, languageStyle='LTR', name='space_instr_fake_iq_2', opacity=1.0, ori=0, pos=array([ 0. , -0.4]), rgb=array([255., 255., 255.]), text=str(...), units='height', win=Window(...), wrapWidth=1)
5.4287 	EXP 	Created FAKE_iq_2 = TextStim(__class__=<class 'psychopy.visual.text.TextStim'>, alignHoriz=method-wrapper(...), alignText='center', alignVert=method-wrapper(...), anchorHoriz='center', anchorVert='center', antialias=True, autoLog=True, bold=False, color='white', colorSpace='named', contrast=1.0, depth=-2.0, flipHoriz=False, flipVert=False, font='Arial', fontFiles=[], height=0.05, italic=False, languageStyle='LTR', name='FAKE_iq_2', opacity=1.0, ori=0, pos=array([0., 0.]), rgb=array([255., 255., 255.]), text=str(...), units='height', win=Window(...), wrapWidth=1)
5.4534 	EXP 	Created article_instr_text = TextStim(__class__=<class 'psychopy.visual.text.TextStim'>, alignHoriz=method-wrapper(...), alignText='center', alignVert=method-wrapper(...), anchorHoriz='center', anchorVert='center', antialias=True, autoLog=True, bold=False, color='white', colorSpace='named', contrast=1.0, depth=0.0, flipHoriz=False, flipVert=False, font='Arial', fontFiles=[], height=0.03, italic=False, languageStyle='LTR', name='article_instr_text', opacity=1.0, ori=0, pos=array([0., 0.]), rgb=array([255., 255., 255.]), text=str(...), units='height', win=Window(...), wrapWidth=1)
5.4590 	EXP 	Created image = ImageStim(__class__=<class 'psychopy.visual.image.ImageStim'>, autoLog=True, color=array([1., 1., 1.]), colorSpace='rgb', contrast=1.0, depth=-1.0, flipHoriz=False, flipVert=False, image='sin', interpolate=True, mask=None, maskParams=None, name='image', opacity=1.0, ori=0.0, pos=array([0., 0.]), size=array([1.2, 1. ]), texRes=128, units='height', win=Window(...))
5.4764 	EXP 	Created article_ans_2 = TextStim(__class__=<class 'psychopy.visual.text.TextStim'>, alignHoriz=method-wrapper(...), alignText='center', alignVert=method-wrapper(...), anchorHoriz='center', anchorVert='center', antialias=True, autoLog=True, bold=False, color='white', colorSpace='named', contrast=1.0, depth=-1.0, flipHoriz=False, flipVert=False, font='Arial', fontFiles=[], height=0.05, italic=False, languageStyle='LTR', name='article_ans_2', opacity=1.0, ori=0, pos=array([0., 0.]), rgb=array([255., 255., 255.]), text=str(...), units='height', win=Window(...), wrapWidth=1)
5.4988 	EXP 	Created DV_measurement_instr_text = TextStim(__class__=<class 'psychopy.visual.text.TextStim'>, alignHoriz=method-wrapper(...), alignText='center', alignVert=method-wrapper(...), anchorHoriz='center', anchorVert='center', antialias=True, autoLog=True, bold=False, color='white', colorSpace='named', contrast=1.0, depth=0.0, flipHoriz=False, flipVert=False, font='Arial', fontFiles=[], height=0.03, italic=False, languageStyle='LTR', name='DV_measurement_instr_text', opacity=1.0, ori=0, pos=array([0., 0.]), rgb=array([255., 255., 255.]), text=str(...), units='height', win=Window(...), wrapWidth=1)
5.5011 	EXP 	Created ad_images = ImageStim(__class__=<class 'psychopy.visual.image.ImageStim'>, autoLog=True, color=array([1., 1., 1.]), colorSpace='rgb', contrast=1.0, depth=0.0, flipHoriz=False, flipVert=False, image='sin', interpolate=True, mask=None, maskParams=None, name='ad_images', opacity=1.0, ori=0.0, pos=array([0., 0.]), size=array([0.5, 0.5]), texRes=128, units='height', win=Window(...))
5.5971 	EXP 	Created debriefing_text = TextStim(__class__=<class 'psychopy.visual.text.TextStim'>, alignHoriz=method-wrapper(...), alignText='center', alignVert=method-wrapper(...), anchorHoriz='center', anchorVert='center', antialias=True, autoLog=True, bold=False, color='white', colorSpace='named', contrast=1.0, depth=0.0, flipHoriz=False, flipVert=False, font='Arial', fontFiles=[], height=0.025, italic=False, languageStyle='LTR', name='debriefing_text', opacity=1.0, ori=0, pos=array([0., 0.]), rgb=array([255., 255., 255.]), text=str(...), units='height', win=Window(...), wrapWidth=1)
5.6628 	EXP 	manipulation_text: text = "Teraz poprosimy Panią/Pana o przypomnienie sobie sytuacji, w której odbyła Pani/odbył Pan stosunek seksualny, nie będąc wówczas z związku.\n\nProszę przypomnieć sobie jak czuła/czuł się Pani/Pan w tej sytuacji, jakie odczucia pojawiały się w Pani/Pana ciele. Może Pani/Pan napisać historię tego zdarzenia na kartce, aby łatwiej było się Pani/Panu skupić.\n\nNie będziemy zadawać pytań na temat szczegółów historii oraz jej merytoryki. Jest ona wyłącznie Pani/Pana własnością. \n\n\n\n\n\n\nJeżeli doświadczyła/doświadczył Pani/Pan wyżej opisanej sytuacji, prosimy wcisnąć klawisz 'T'.\nW przeciwnym razie prosimy wcisnąć klawisz 'N'.\n"
5.6628 	EXP 	manipulation_text: autoDraw = True
8.6275 	DATA 	Keypress: space
9.1392 	DATA 	Keypress: space
9.4565 	DATA 	Keypress: space
9.6224 	DATA 	Keypress: space
9.8723 	DATA 	Keypress: space
15.4577 	DATA 	Keypress: n
15.4667 	EXP 	manipulation_text: autoDraw = False
15.4667 	EXP 	instr_fakeiq: autoDraw = True
16.4240 	DATA 	Keypress: space
16.4328 	EXP 	instr_fakeiq: autoDraw = False
16.4328 	EXP 	space_instr_fake_iq: autoDraw = True
16.4328 	EXP 	FAKE_iq_1: autoDraw = True
16.9044 	DATA 	Keypress: space
17.4040 	DATA 	Keypress: space
18.0386 	DATA 	Keypress: d
18.0656 	EXP 	space_instr_fake_iq: autoDraw = False
18.0656 	EXP 	FAKE_iq_1: autoDraw = False
18.0656 	EXP 	space_instr_fake_iq_2: autoDraw = True
18.0656 	EXP 	FAKE_iq_2: autoDraw = True
18.5726 	DATA 	Keypress: d
18.5821 	EXP 	space_instr_fake_iq_2: autoDraw = False
18.5821 	EXP 	FAKE_iq_2: autoDraw = False
18.5821 	EXP 	article_instr_text: autoDraw = True
19.5093 	DATA 	Keypress: space
20.2513 	EXP 	article_instr_text: autoDraw = False
20.2513 	EXP 	image: image = 'screenshots\\N1_C2_N3_N4_C5_C3.png'
20.2513 	EXP 	image: autoDraw = True
20.8399 	DATA 	Keypress: space
20.8478 	EXP 	image: autoDraw = False
20.8478 	EXP 	article_ans_2: autoDraw = True
22.3069 	DATA 	Keypress: 7
23.5546 	DATA 	Keypress: c
23.5637 	EXP 	article_ans_2: autoDraw = False
23.5637 	EXP 	DV_measurement_instr_text: autoDraw = True
25.3018 	DATA 	Keypress: n
26.7215 	DATA 	Keypress: space
26.7430 	EXP 	Imported ads_paths.csv as conditions, 12 conditions, 1 params
26.7435 	EXP 	Created sequence: random, trialTypes=12, nReps=1, seed=None
26.7440 	EXP 	New trial (rep=0, index=0): OrderedDict([('ImageFile', 'images/non-cleansing/non_cleansing_1.jpg')])
26.7534 	EXP 	DV_measurement_instr_text: autoDraw = False
26.7534 	EXP 	ad_images: image = 'images/non-cleansing/non_cleansing_1.jpg'
26.7534 	EXP 	ad_images: autoDraw = True
27.4867 	EXP 	New trial (rep=0, index=1): OrderedDict([('ImageFile', 'images/non-cleansing/non_cleansing_4.jpg')])
27.5014 	DATA 	Keypress: n
27.5050 	EXP 	ad_images: autoDraw = False
27.5050 	EXP 	ad_images: image = 'images/non-cleansing/non_cleansing_4.jpg'
27.5050 	EXP 	ad_images: autoDraw = True
27.8991 	DATA 	Keypress: n
27.9157 	EXP 	New trial (rep=0, index=2): OrderedDict([('ImageFile', 'images/cleansing/cleansing_6.jpg')])
27.9351 	EXP 	ad_images: autoDraw = False
27.9351 	EXP 	ad_images: image = 'images/cleansing/cleansing_6.jpg'
27.9351 	EXP 	ad_images: autoDraw = True
28.1497 	EXP 	New trial (rep=0, index=3): OrderedDict([('ImageFile', 'images/cleansing/cleansing_4.jpg')])
28.1615 	DATA 	Keypress: n
28.1646 	EXP 	ad_images: autoDraw = False
28.1646 	EXP 	ad_images: image = 'images/cleansing/cleansing_4.jpg'
28.1646 	EXP 	ad_images: autoDraw = True
28.4168 	EXP 	New trial (rep=0, index=4): OrderedDict([('ImageFile', 'images/non-cleansing/non_cleansing_3.jpg')])
28.4244 	DATA 	Keypress: n
28.4287 	EXP 	ad_images: autoDraw = False
28.4287 	EXP 	ad_images: image = 'images/non-cleansing/non_cleansing_3.jpg'
28.4287 	EXP 	ad_images: autoDraw = True
28.6512 	DATA 	Keypress: n
28.6666 	EXP 	New trial (rep=0, index=5): OrderedDict([('ImageFile', 'images/non-cleansing/non_cleansing_5.jpg')])
28.6788 	EXP 	ad_images: autoDraw = False
28.6788 	EXP 	ad_images: image = 'images/non-cleansing/non_cleansing_5.jpg'
28.6788 	EXP 	ad_images: autoDraw = True
28.9498 	EXP 	New trial (rep=0, index=6): OrderedDict([('ImageFile', 'images/non-cleansing/non_cleansing_6.jpg')])
28.9546 	DATA 	Keypress: n
28.9620 	EXP 	ad_images: autoDraw = False
28.9620 	EXP 	ad_images: image = 'images/non-cleansing/non_cleansing_6.jpg'
28.9620 	EXP 	ad_images: autoDraw = True
29.2007 	EXP 	New trial (rep=0, index=7): OrderedDict([('ImageFile', 'images/non-cleansing/non_cleansing_2.jpg')])
29.2123 	DATA 	Keypress: n
29.2156 	EXP 	ad_images: autoDraw = False
29.2156 	EXP 	ad_images: image = 'images/non-cleansing/non_cleansing_2.jpg'
29.2156 	EXP 	ad_images: autoDraw = True
29.4493 	EXP 	New trial (rep=0, index=8): OrderedDict([('ImageFile', 'images/cleansing/cleansing_3.jpg')])
29.4550 	DATA 	Keypress: n
29.4618 	EXP 	ad_images: autoDraw = False
29.4618 	EXP 	ad_images: image = 'images/cleansing/cleansing_3.jpg'
29.4618 	EXP 	ad_images: autoDraw = True
29.9492 	DATA 	Keypress: n
29.9654 	EXP 	New trial (rep=0, index=9): OrderedDict([('ImageFile', 'images/cleansing/cleansing_2.jpg')])
29.9782 	EXP 	ad_images: autoDraw = False
29.9782 	EXP 	ad_images: image = 'images/cleansing/cleansing_2.jpg'
29.9782 	EXP 	ad_images: autoDraw = True
30.3502 	EXP 	New trial (rep=0, index=10): OrderedDict([('ImageFile', 'images/cleansing/cleansing_5.jpg')])
30.3625 	DATA 	Keypress: n
30.3658 	EXP 	ad_images: autoDraw = False
30.3658 	EXP 	ad_images: image = 'images/cleansing/cleansing_5.jpg'
30.3658 	EXP 	ad_images: autoDraw = True
30.8825 	EXP 	New trial (rep=0, index=11): OrderedDict([('ImageFile', 'images/cleansing/cleansing_1.jpg')])
30.8887 	DATA 	Keypress: n
30.8944 	EXP 	ad_images: autoDraw = False
30.8944 	EXP 	ad_images: image = 'images/cleansing/cleansing_1.jpg'
30.8944 	EXP 	ad_images: autoDraw = True
31.3510 	DATA 	Keypress: n
31.3620 	EXP 	ad_images: autoDraw = False
31.3620 	EXP 	debriefing_text: autoDraw = True
32.5836 	DATA 	Keypress: n
33.1484 	DATA 	Keypress: space
33.1599 	EXP 	debriefing_text: autoDraw = False
33.5296 	EXP 	window1: mouseVisible = True
